[debug] [2020-07-20T07:58:04.893Z] ----------------------------------------------------------------------
[debug] [2020-07-20T07:58:04.894Z] Command:       C:\Program Files\nodejs\node.exe C:\Users\Mashuk\AppData\Roaming\npm\node_modules\firebase-tools\lib\bin\firebase.js init
[debug] [2020-07-20T07:58:04.895Z] CLI Version:   8.6.0
[debug] [2020-07-20T07:58:04.895Z] Platform:      win32
[debug] [2020-07-20T07:58:04.895Z] Node Version:  v12.14.1
[debug] [2020-07-20T07:58:04.896Z] Time:          Mon Jul 20 2020 13:58:04 GMT+0600 (East Kazakhstan Time)
[debug] [2020-07-20T07:58:04.896Z] ----------------------------------------------------------------------
[debug] [2020-07-20T07:58:04.896Z] 
[debug] [2020-07-20T07:58:04.902Z] > command requires scopes: ["email","openid","https://www.googleapis.com/auth/cloudplatformprojects.readonly","https://www.googleapis.com/auth/firebase","https://www.googleapis.com/auth/cloud-platform"]
[debug] [2020-07-20T07:58:04.903Z] > authorizing via signed-in user
[info] 
     ######## #### ########  ######## ########     ###     ######  ########
     ##        ##  ##     ## ##       ##     ##  ##   ##  ##       ##
     ######    ##  ########  ######   ########  #########  ######  ######
     ##        ##  ##    ##  ##       ##     ## ##     ##       ## ##
     ##       #### ##     ## ######## ########  ##     ##  ######  ########

You're about to initialize a Firebase project in this directory:

  F:\projects\betterthanpastebin

[info] 
=== Project Setup
[info] 
[info] First, let's associate this project directory with a Firebase project.
[info] You can create multiple project aliases by running firebase use --add, 
[info] but for now we'll just set up a default project.
[info] 
[debug] [2020-07-20T07:58:21.524Z] > refreshing access token with scopes: ["email","https://www.googleapis.com/auth/cloud-platform","https://www.googleapis.com/auth/cloudplatformprojects.readonly","https://www.googleapis.com/auth/firebase","openid"]
[debug] [2020-07-20T07:58:21.524Z] >>> HTTP REQUEST POST https://www.googleapis.com/oauth2/v3/token  
 <request body omitted>
[debug] [2020-07-20T07:58:21.904Z] <<< HTTP RESPONSE 400 {"content-type":"application/json; charset=utf-8","vary":"X-Origin, Referer, Origin,Accept-Encoding","date":"Mon, 20 Jul 2020 07:58:22 GMT","server":"scaffolding on HTTPServer2","cache-control":"private","x-xss-protection":"0","x-frame-options":"SAMEORIGIN","x-content-type-options":"nosniff","alt-svc":"h3-29=\":443\"; ma=2592000,h3-27=\":443\"; ma=2592000,h3-25=\":443\"; ma=2592000,h3-T050=\":443\"; ma=2592000,h3-Q050=\":443\"; ma=2592000,h3-Q046=\":443\"; ma=2592000,h3-Q043=\":443\"; ma=2592000,quic=\":443\"; ma=2592000; v=\"46,43\"","accept-ranges":"none","transfer-encoding":"chunked"}
[debug] [2020-07-20T07:58:21.905Z] >>> HTTP REQUEST GET https://firebase.googleapis.com/v1beta1/projects?pageSize=100  
 
[debug] [2020-07-20T07:58:22.334Z] <<< HTTP RESPONSE 401 {"www-authenticate":"Bearer realm=\"https://accounts.google.com/\", error=\"invalid_token\"","vary":"X-Origin, Referer, Origin,Accept-Encoding","content-type":"application/json; charset=UTF-8","date":"Mon, 20 Jul 2020 07:58:22 GMT","server":"ESF","cache-control":"private","x-xss-protection":"0","x-frame-options":"SAMEORIGIN","x-content-type-options":"nosniff","alt-svc":"h3-29=\":443\"; ma=2592000,h3-27=\":443\"; ma=2592000,h3-25=\":443\"; ma=2592000,h3-T050=\":443\"; ma=2592000,h3-Q050=\":443\"; ma=2592000,h3-Q046=\":443\"; ma=2592000,h3-Q043=\":443\"; ma=2592000,quic=\":443\"; ma=2592000; v=\"46,43\"","accept-ranges":"none","transfer-encoding":"chunked"}
[debug] [2020-07-20T07:58:22.334Z] <<< HTTP RESPONSE BODY {"error":{"code":401,"message":"Request had invalid authentication credentials. Expected OAuth 2 access token, login cookie or other valid authentication credential. See https://developers.google.com/identity/sign-in/web/devconsole-project.","status":"UNAUTHENTICATED"}}
[debug] [2020-07-20T07:58:22.335Z] HTTP Error: 401, Request had invalid authentication credentials. Expected OAuth 2 access token, login cookie or other valid authentication credential. See https://developers.google.com/identity/sign-in/web/devconsole-project.
[debug] [2020-07-20T07:58:22.626Z] FirebaseError: HTTP Error: 401, Request had invalid authentication credentials. Expected OAuth 2 access token, login cookie or other valid authentication credential. See https://developers.google.com/identity/sign-in/web/devconsole-project.
    at module.exports (C:\Users\Mashuk\AppData\Roaming\npm\node_modules\firebase-tools\lib\responseToError.js:38:12)
    at Request._callback (C:\Users\Mashuk\AppData\Roaming\npm\node_modules\firebase-tools\lib\api.js:41:35)
    at Request.self.callback (C:\Users\Mashuk\AppData\Roaming\npm\node_modules\firebase-tools\node_modules\request\request.js:185:22)
    at Request.emit (events.js:223:5)
    at Request.EventEmitter.emit (domain.js:475:20)
    at Request.<anonymous> (C:\Users\Mashuk\AppData\Roaming\npm\node_modules\firebase-tools\node_modules\request\request.js:1154:10)
    at Request.emit (events.js:223:5)
    at Request.EventEmitter.emit (domain.js:475:20)
    at IncomingMessage.<anonymous> (C:\Users\Mashuk\AppData\Roaming\npm\node_modules\firebase-tools\node_modules\request\request.js:1076:12)
    at Object.onceWrapper (events.js:312:28)
    at IncomingMessage.emit (events.js:228:7)
    at IncomingMessage.EventEmitter.emit (domain.js:475:20)
    at endReadableNT (_stream_readable.js:1185:12)
    at processTicksAndRejections (internal/process/task_queues.js:81:21)
[error] 
[error] Error: Failed to list Firebase projects. See firebase-debug.log for more info.
[debug] [2020-07-20T07:58:28.414Z] ----------------------------------------------------------------------
[debug] [2020-07-20T07:58:28.416Z] Command:       C:\Program Files\nodejs\node.exe C:\Users\Mashuk\AppData\Roaming\npm\node_modules\firebase-tools\lib\bin\firebase.js init
[debug] [2020-07-20T07:58:28.417Z] CLI Version:   8.6.0
[debug] [2020-07-20T07:58:28.417Z] Platform:      win32
[debug] [2020-07-20T07:58:28.417Z] Node Version:  v12.14.1
[debug] [2020-07-20T07:58:28.418Z] Time:          Mon Jul 20 2020 13:58:28 GMT+0600 (East Kazakhstan Time)
[debug] [2020-07-20T07:58:28.418Z] ----------------------------------------------------------------------
[debug] [2020-07-20T07:58:28.418Z] 
[debug] [2020-07-20T07:58:28.424Z] > command requires scopes: ["email","openid","https://www.googleapis.com/auth/cloudplatformprojects.readonly","https://www.googleapis.com/auth/firebase","https://www.googleapis.com/auth/cloud-platform"]
[debug] [2020-07-20T07:58:28.425Z] > authorizing via signed-in user
[info] 
     ######## #### ########  ######## ########     ###     ######  ########
     ##        ##  ##     ## ##       ##     ##  ##   ##  ##       ##
     ######    ##  ########  ######   ########  #########  ######  ######
     ##        ##  ##    ##  ##       ##     ## ##     ##       ## ##
     ##       #### ##     ## ######## ########  ##     ##  ######  ########

You're about to initialize a Firebase project in this directory:

  F:\projects\betterthanpastebin

[info] 
=== Project Setup
[info] 
[info] First, let's associate this project directory with a Firebase project.
[info] You can create multiple project aliases by running firebase use --add, 
[info] but for now we'll just set up a default project.
[info] 
[info] i  If you want to create a project in a Google Cloud organization or folder, please use "firebase projects:create" instead, and return to this command when you've created the project. 
[debug] [2020-07-20T07:58:58.365Z] > refreshing access token with scopes: ["email","https://www.googleapis.com/auth/cloud-platform","https://www.googleapis.com/auth/cloudplatformprojects.readonly","https://www.googleapis.com/auth/firebase","openid"]
[debug] [2020-07-20T07:58:58.365Z] >>> HTTP REQUEST POST https://www.googleapis.com/oauth2/v3/token  
 <request body omitted>
[debug] [2020-07-20T07:58:58.934Z] <<< HTTP RESPONSE 400 {"content-type":"application/json; charset=utf-8","vary":"X-Origin, Referer, Origin,Accept-Encoding","date":"Mon, 20 Jul 2020 07:58:59 GMT","server":"scaffolding on HTTPServer2","cache-control":"private","x-xss-protection":"0","x-frame-options":"SAMEORIGIN","x-content-type-options":"nosniff","alt-svc":"h3-29=\":443\"; ma=2592000,h3-27=\":443\"; ma=2592000,h3-25=\":443\"; ma=2592000,h3-T050=\":443\"; ma=2592000,h3-Q050=\":443\"; ma=2592000,h3-Q046=\":443\"; ma=2592000,h3-Q043=\":443\"; ma=2592000,quic=\":443\"; ma=2592000; v=\"46,43\"","accept-ranges":"none","transfer-encoding":"chunked"}
[debug] [2020-07-20T07:58:58.934Z] >>> HTTP REQUEST POST https://cloudresourcemanager.googleapis.com/v1/projects  
 {"projectId":"betterthanpastebin","name":"betterthanpastebin"}
[debug] [2020-07-20T07:59:00.485Z] <<< HTTP RESPONSE 401 {"www-authenticate":"Bearer realm=\"https://accounts.google.com/\", error=\"invalid_token\"","vary":"X-Origin, Referer, Origin,Accept-Encoding","content-type":"application/json; charset=UTF-8","date":"Mon, 20 Jul 2020 07:59:00 GMT","server":"ESF","cache-control":"private","x-xss-protection":"0","x-frame-options":"SAMEORIGIN","x-content-type-options":"nosniff","server-timing":"gfet4t7; dur=1101","alt-svc":"h3-29=\":443\"; ma=2592000,h3-27=\":443\"; ma=2592000,h3-25=\":443\"; ma=2592000,h3-T050=\":443\"; ma=2592000,h3-Q050=\":443\"; ma=2592000,h3-Q046=\":443\"; ma=2592000,h3-Q043=\":443\"; ma=2592000,quic=\":443\"; ma=2592000; v=\"46,43\"","accept-ranges":"none","transfer-encoding":"chunked"}
[debug] [2020-07-20T07:59:00.485Z] <<< HTTP RESPONSE BODY {"error":{"code":401,"message":"Request had invalid authentication credentials. Expected OAuth 2 access token, login cookie or other valid authentication credential. See https://developers.google.com/identity/sign-in/web/devconsole-project.","status":"UNAUTHENTICATED"}}
[debug] [2020-07-20T07:59:00.774Z] FirebaseError: HTTP Error: 401, Request had invalid authentication credentials. Expected OAuth 2 access token, login cookie or other valid authentication credential. See https://developers.google.com/identity/sign-in/web/devconsole-project.
    at module.exports (C:\Users\Mashuk\AppData\Roaming\npm\node_modules\firebase-tools\lib\responseToError.js:38:12)
    at Request._callback (C:\Users\Mashuk\AppData\Roaming\npm\node_modules\firebase-tools\lib\api.js:41:35)
    at Request.self.callback (C:\Users\Mashuk\AppData\Roaming\npm\node_modules\firebase-tools\node_modules\request\request.js:185:22)
    at Request.emit (events.js:223:5)
    at Request.EventEmitter.emit (domain.js:475:20)
    at Request.<anonymous> (C:\Users\Mashuk\AppData\Roaming\npm\node_modules\firebase-tools\node_modules\request\request.js:1154:10)
    at Request.emit (events.js:223:5)
    at Request.EventEmitter.emit (domain.js:475:20)
    at IncomingMessage.<anonymous> (C:\Users\Mashuk\AppData\Roaming\npm\node_modules\firebase-tools\node_modules\request\request.js:1076:12)
    at Object.onceWrapper (events.js:312:28)
    at IncomingMessage.emit (events.js:228:7)
    at IncomingMessage.EventEmitter.emit (domain.js:475:20)
    at endReadableNT (_stream_readable.js:1185:12)
    at processTicksAndRejections (internal/process/task_queues.js:81:21)
[error] 
[error] Error: Failed to create project. See firebase-debug.log for more info.
